2015/08/25 16:58:46 [error] [php] Undefined variable: model (D:\xampp\htdocs\kytes\protected\views\site\index.php:29)
Stack trace:
#0 D:\xampp\htdocs\kytes\framework\web\CController.php(869): SiteController->renderFile()
#1 D:\xampp\htdocs\kytes\framework\web\CController.php(782): SiteController->renderPartial()
#2 D:\xampp\htdocs\kytes\protected\controllers\SiteController.php(32): SiteController->render()
#3 D:\xampp\htdocs\kytes\framework\web\actions\CInlineAction.php(49): SiteController->actionIndex()
#4 D:\xampp\htdocs\kytes\framework\web\CController.php(308): CInlineAction->runWithParams()
#5 D:\xampp\htdocs\kytes\framework\web\CController.php(286): SiteController->runAction()
#6 D:\xampp\htdocs\kytes\framework\web\CController.php(265): SiteController->runActionWithFilters()
#7 D:\xampp\htdocs\kytes\framework\web\CWebApplication.php(282): SiteController->run()
#8 D:\xampp\htdocs\kytes\framework\web\CWebApplication.php(141): CWebApplication->runController()
#9 D:\xampp\htdocs\kytes\framework\base\CApplication.php(184): CWebApplication->processRequest()
#10 D:\xampp\htdocs\kytes\index.php(13): CWebApplication->run()
REQUEST_URI=/kytes/
in D:\xampp\htdocs\kytes\protected\views\site\index.php (29)
in D:\xampp\htdocs\kytes\protected\controllers\SiteController.php (32)
in D:\xampp\htdocs\kytes\index.php (13)
2015/08/25 17:13:28 [error] [php] Undefined variable: _SESSION (D:\xampp\htdocs\kytes\protected\views\layouts\main.php:48)
Stack trace:
#0 D:\xampp\htdocs\kytes\framework\web\widgets\CContentDecorator.php(76): SiteController->renderFile()
#1 D:\xampp\htdocs\kytes\framework\web\widgets\CContentDecorator.php(54): CContentDecorator->decorate()
#2 D:\xampp\htdocs\kytes\framework\web\widgets\COutputProcessor.php(44): CContentDecorator->processOutput()
#3 D:\xampp\htdocs\kytes\framework\web\CBaseController.php(214): CContentDecorator->run()
#4 D:\xampp\htdocs\kytes\framework\web\CBaseController.php(308): SiteController->endWidget()
#5 D:\xampp\htdocs\kytes\protected\views\layouts\column1.php(6): SiteController->endContent()
#6 D:\xampp\htdocs\kytes\framework\web\CBaseController.php(126): require()
#7 D:\xampp\htdocs\kytes\framework\web\CBaseController.php(95): SiteController->renderInternal()
#8 D:\xampp\htdocs\kytes\framework\web\CController.php(784): SiteController->renderFile()
#9 D:\xampp\htdocs\kytes\protected\controllers\SiteController.php(98): SiteController->render()
#10 D:\xampp\htdocs\kytes\framework\web\actions\CInlineAction.php(49): SiteController->actionLogin()
#11 D:\xampp\htdocs\kytes\framework\web\CController.php(308): CInlineAction->runWithParams()
#12 D:\xampp\htdocs\kytes\framework\web\CController.php(286): SiteController->runAction()
#13 D:\xampp\htdocs\kytes\framework\web\CController.php(265): SiteController->runActionWithFilters()
#14 D:\xampp\htdocs\kytes\framework\web\CWebApplication.php(282): SiteController->run()
#15 D:\xampp\htdocs\kytes\framework\web\CWebApplication.php(141): CWebApplication->runController()
#16 D:\xampp\htdocs\kytes\framework\base\CApplication.php(184): CWebApplication->processRequest()
#17 D:\xampp\htdocs\kytes\index.php(13): CWebApplication->run()
REQUEST_URI=/kytes/index.php/site/login
in D:\xampp\htdocs\kytes\protected\views\layouts\main.php (48)
in D:\xampp\htdocs\kytes\protected\views\layouts\column1.php (6)
in D:\xampp\htdocs\kytes\protected\controllers\SiteController.php (98)
2015/08/25 17:19:11 [error] [exception.CHttpException.400] exception 'CHttpException' with message 'Your request is invalid.' in D:\xampp\htdocs\kytes\framework\web\CController.php:336
Stack trace:
#0 D:\xampp\htdocs\kytes\framework\web\CController.php(309): CController->invalidActionParams(Object(CInlineAction))
#1 D:\xampp\htdocs\kytes\framework\web\CController.php(286): CController->runAction(Object(CInlineAction))
#2 D:\xampp\htdocs\kytes\framework\web\CController.php(265): CController->runActionWithFilters(Object(CInlineAction), Array)
#3 D:\xampp\htdocs\kytes\framework\web\CWebApplication.php(282): CController->run('loged')
#4 D:\xampp\htdocs\kytes\framework\web\CWebApplication.php(141): CWebApplication->runController('users/loged')
#5 D:\xampp\htdocs\kytes\framework\base\CApplication.php(184): CWebApplication->processRequest()
#6 D:\xampp\htdocs\kytes\index.php(13): CApplication->run()
#7 {main}
REQUEST_URI=/kytes/index.php/users/loged
HTTP_REFERER=http://localhost/kytes/index.php/site/login
---
2015/08/25 17:20:05 [error] [php] Undefined variable: id (D:\xampp\htdocs\kytes\protected\controllers\UsersController.php:27)
Stack trace:
#0 D:\xampp\htdocs\kytes\framework\web\CController.php(286): UsersController->runAction()
#1 D:\xampp\htdocs\kytes\framework\web\CController.php(265): UsersController->runActionWithFilters()
#2 D:\xampp\htdocs\kytes\framework\web\CWebApplication.php(282): UsersController->run()
#3 D:\xampp\htdocs\kytes\framework\web\CWebApplication.php(141): CWebApplication->runController()
#4 D:\xampp\htdocs\kytes\framework\base\CApplication.php(184): CWebApplication->processRequest()
#5 D:\xampp\htdocs\kytes\index.php(13): CWebApplication->run()
REQUEST_URI=/kytes/index.php/users/loged
in D:\xampp\htdocs\kytes\protected\controllers\UsersController.php (27)
in D:\xampp\htdocs\kytes\index.php (13)
2015/09/10 09:10:54 [error] [system.db.CDbCommand] CDbCommand::fetchAll() failed: SQLSTATE[42S02]: Base table or view not found: 1146 Table 'kytes_old.users' doesn't exist. The SQL statement executed was: SHOW FULL COLUMNS FROM `users`.
in /home/mihas/dev.local/kytes/web/_old/protected/controllers/UsersController.php (58)
in /home/mihas/dev.local/kytes/web/_old/index.php (13)
2015/09/10 09:10:54 [error] [exception.CDbException] exception 'CDbException' with message 'The table "users" for active record class "Users" cannot be found in the database.' in /home/mihas/dev.local/kytes/web/_old/framework/db/ar/CActiveRecord.php:2385
Stack trace:
#0 /home/mihas/dev.local/kytes/web/_old/framework/db/ar/CActiveRecord.php(411): CActiveRecordMetaData->__construct(Object(Users))
#1 /home/mihas/dev.local/kytes/web/_old/framework/db/ar/CActiveRecord.php(661): CActiveRecord->getMetaData()
#2 /home/mihas/dev.local/kytes/web/_old/framework/db/ar/CActiveRecord.php(1523): CActiveRecord->getTableSchema()
#3 /home/mihas/dev.local/kytes/web/_old/protected/controllers/UsersController.php(58): CActiveRecord->findByAttributes(Array)
#4 /home/mihas/dev.local/kytes/web/_old/framework/web/actions/CInlineAction.php(49): UsersController->actionLogin()
#5 /home/mihas/dev.local/kytes/web/_old/framework/web/CController.php(308): CInlineAction->runWithParams(Array)
#6 /home/mihas/dev.local/kytes/web/_old/framework/web/CController.php(286): CController->runAction(Object(CInlineAction))
#7 /home/mihas/dev.local/kytes/web/_old/framework/web/CController.php(265): CController->runActionWithFilters(Object(CInlineAction), Array)
#8 /home/mihas/dev.local/kytes/web/_old/framework/web/CWebApplication.php(282): CController->run('login')
#9 /home/mihas/dev.local/kytes/web/_old/framework/web/CWebApplication.php(141): CWebApplication->runController('users/login')
#10 /home/mihas/dev.local/kytes/web/_old/framework/base/CApplication.php(184): CWebApplication->processRequest()
#11 /home/mihas/dev.local/kytes/web/_old/index.php(13): CApplication->run()
#12 {main}
REQUEST_URI=/_old/index.php/users/login
HTTP_REFERER=http://dev.local:5555/_old/
---
2015/09/10 09:11:36 [error] [php] Undefined index: email (/home/mihas/dev.local/kytes/web/_old/protected/controllers/UsersController.php:56)
Stack trace:
#0 /home/mihas/dev.local/kytes/web/_old/framework/web/CController.php(286): UsersController->runAction()
#1 /home/mihas/dev.local/kytes/web/_old/framework/web/CController.php(265): UsersController->runActionWithFilters()
#2 /home/mihas/dev.local/kytes/web/_old/framework/web/CWebApplication.php(282): UsersController->run()
#3 /home/mihas/dev.local/kytes/web/_old/framework/web/CWebApplication.php(141): CWebApplication->runController()
#4 /home/mihas/dev.local/kytes/web/_old/framework/base/CApplication.php(184): CWebApplication->processRequest()
#5 /home/mihas/dev.local/kytes/web/_old/index.php(13): CWebApplication->run()
REQUEST_URI=/_old/index.php/users/login
in /home/mihas/dev.local/kytes/web/_old/protected/controllers/UsersController.php (56)
in /home/mihas/dev.local/kytes/web/_old/index.php (13)
2015/09/10 09:11:46 [error] [system.db.CDbCommand] CDbCommand::fetchAll() failed: SQLSTATE[42S02]: Base table or view not found: 1146 Table 'kytes_old.users' doesn't exist. The SQL statement executed was: SHOW FULL COLUMNS FROM `users`.
in /home/mihas/dev.local/kytes/web/_old/protected/controllers/UsersController.php (58)
in /home/mihas/dev.local/kytes/web/_old/index.php (13)
2015/09/10 09:11:46 [error] [exception.CDbException] exception 'CDbException' with message 'The table "users" for active record class "Users" cannot be found in the database.' in /home/mihas/dev.local/kytes/web/_old/framework/db/ar/CActiveRecord.php:2385
Stack trace:
#0 /home/mihas/dev.local/kytes/web/_old/framework/db/ar/CActiveRecord.php(411): CActiveRecordMetaData->__construct(Object(Users))
#1 /home/mihas/dev.local/kytes/web/_old/framework/db/ar/CActiveRecord.php(661): CActiveRecord->getMetaData()
#2 /home/mihas/dev.local/kytes/web/_old/framework/db/ar/CActiveRecord.php(1523): CActiveRecord->getTableSchema()
#3 /home/mihas/dev.local/kytes/web/_old/protected/controllers/UsersController.php(58): CActiveRecord->findByAttributes(Array)
#4 /home/mihas/dev.local/kytes/web/_old/framework/web/actions/CInlineAction.php(49): UsersController->actionLogin()
#5 /home/mihas/dev.local/kytes/web/_old/framework/web/CController.php(308): CInlineAction->runWithParams(Array)
#6 /home/mihas/dev.local/kytes/web/_old/framework/web/CController.php(286): CController->runAction(Object(CInlineAction))
#7 /home/mihas/dev.local/kytes/web/_old/framework/web/CController.php(265): CController->runActionWithFilters(Object(CInlineAction), Array)
#8 /home/mihas/dev.local/kytes/web/_old/framework/web/CWebApplication.php(282): CController->run('login')
#9 /home/mihas/dev.local/kytes/web/_old/framework/web/CWebApplication.php(141): CWebApplication->runController('users/login')
#10 /home/mihas/dev.local/kytes/web/_old/framework/base/CApplication.php(184): CWebApplication->processRequest()
#11 /home/mihas/dev.local/kytes/web/_old/index.php(13): CApplication->run()
#12 {main}
REQUEST_URI=/_old/index.php/users/login
HTTP_REFERER=http://dev.local:5555/_old/
---
2015/09/10 09:12:23 [error] [system.db.CDbCommand] CDbCommand::fetchAll() failed: SQLSTATE[42S02]: Base table or view not found: 1146 Table 'kytes_old.users' doesn't exist. The SQL statement executed was: SHOW FULL COLUMNS FROM `users`.
in /home/mihas/dev.local/kytes/web/_old/protected/controllers/UsersController.php (58)
in /home/mihas/dev.local/kytes/web/_old/index.php (13)
2015/09/10 09:12:23 [error] [exception.CDbException] exception 'CDbException' with message 'The table "users" for active record class "Users" cannot be found in the database.' in /home/mihas/dev.local/kytes/web/_old/framework/db/ar/CActiveRecord.php:2385
Stack trace:
#0 /home/mihas/dev.local/kytes/web/_old/framework/db/ar/CActiveRecord.php(411): CActiveRecordMetaData->__construct(Object(Users))
#1 /home/mihas/dev.local/kytes/web/_old/framework/db/ar/CActiveRecord.php(661): CActiveRecord->getMetaData()
#2 /home/mihas/dev.local/kytes/web/_old/framework/db/ar/CActiveRecord.php(1523): CActiveRecord->getTableSchema()
#3 /home/mihas/dev.local/kytes/web/_old/protected/controllers/UsersController.php(58): CActiveRecord->findByAttributes(Array)
#4 /home/mihas/dev.local/kytes/web/_old/framework/web/actions/CInlineAction.php(49): UsersController->actionLogin()
#5 /home/mihas/dev.local/kytes/web/_old/framework/web/CController.php(308): CInlineAction->runWithParams(Array)
#6 /home/mihas/dev.local/kytes/web/_old/framework/web/CController.php(286): CController->runAction(Object(CInlineAction))
#7 /home/mihas/dev.local/kytes/web/_old/framework/web/CController.php(265): CController->runActionWithFilters(Object(CInlineAction), Array)
#8 /home/mihas/dev.local/kytes/web/_old/framework/web/CWebApplication.php(282): CController->run('login')
#9 /home/mihas/dev.local/kytes/web/_old/framework/web/CWebApplication.php(141): CWebApplication->runController('users/login')
#10 /home/mihas/dev.local/kytes/web/_old/framework/base/CApplication.php(184): CWebApplication->processRequest()
#11 /home/mihas/dev.local/kytes/web/_old/index.php(13): CApplication->run()
#12 {main}
REQUEST_URI=/_old/index.php/users/login
HTTP_REFERER=http://dev.local:5555/_old/
---
2015/09/10 09:25:22 [error] [system.db.CDbCommand] CDbCommand::fetchAll() failed: SQLSTATE[42S02]: Base table or view not found: 1146 Table 'kytes_old.users' doesn't exist. The SQL statement executed was: SHOW FULL COLUMNS FROM `users`.
in /home/mihas/dev.local/kytes/web/_old/protected/controllers/UsersController.php (37)
in /home/mihas/dev.local/kytes/web/_old/index.php (13)
2015/09/10 09:25:22 [error] [exception.CDbException] exception 'CDbException' with message 'The table "users" for active record class "Users" cannot be found in the database.' in /home/mihas/dev.local/kytes/web/_old/framework/db/ar/CActiveRecord.php:2385
Stack trace:
#0 /home/mihas/dev.local/kytes/web/_old/framework/db/ar/CActiveRecord.php(411): CActiveRecordMetaData->__construct(Object(Users))
#1 /home/mihas/dev.local/kytes/web/_old/framework/db/ar/CActiveRecord.php(79): CActiveRecord->getMetaData()
#2 /home/mihas/dev.local/kytes/web/_old/protected/controllers/UsersController.php(37): CActiveRecord->__construct()
#3 /home/mihas/dev.local/kytes/web/_old/framework/web/actions/CInlineAction.php(49): UsersController->actionCreate()
#4 /home/mihas/dev.local/kytes/web/_old/framework/web/CController.php(308): CInlineAction->runWithParams(Array)
#5 /home/mihas/dev.local/kytes/web/_old/framework/web/CController.php(286): CController->runAction(Object(CInlineAction))
#6 /home/mihas/dev.local/kytes/web/_old/framework/web/CController.php(265): CController->runActionWithFilters(Object(CInlineAction), Array)
#7 /home/mihas/dev.local/kytes/web/_old/framework/web/CWebApplication.php(282): CController->run('create')
#8 /home/mihas/dev.local/kytes/web/_old/framework/web/CWebApplication.php(141): CWebApplication->runController('users/create')
#9 /home/mihas/dev.local/kytes/web/_old/framework/base/CApplication.php(184): CWebApplication->processRequest()
#10 /home/mihas/dev.local/kytes/web/_old/index.php(13): CApplication->run()
#11 {main}
REQUEST_URI=/_old/index.php/users/create
HTTP_REFERER=http://dev.local:5555/_old/
---
